fail: 2026-03-09 10:39:34.4250082 +08:00 Monday L Microsoft.Extensions.Hosting.Internal.Host[11] #1
      [Microsoft.Extensions.Hosting.dll] Task Microsoft.Extensions.Hosting.Internal.Host.StartAsync(CancellationToken cancellationToken)+LogAndRethrow()
      Hosting failed to start      
      ++++++++++++++++++++++++++++++++++++++++++++++++++++++++
      System.IO.IOException: Failed to bind to address http://[::]:5005: address already in use.
       ---> Microsoft.AspNetCore.Connections.AddressInUseException: Address already in use
       ---> System.Net.Sockets.SocketException (98): Address already in use
         at System.Net.Sockets.Socket.UpdateStatusAfterSocketErrorAndThrowException(SocketError error, Boolean disconnectOnFailure, String callerName)
         at System.Net.Sockets.Socket.DoBind(EndPoint endPointSnapshot, SocketAddress socketAddress)
         at System.Net.Sockets.Socket.Bind(EndPoint localEP)
         at Microsoft.AspNetCore.Server.Kestrel.Transport.Sockets.SocketTransportOptions.CreateDefaultBoundListenSocket(EndPoint endpoint)
         at Microsoft.AspNetCore.Server.Kestrel.Transport.Sockets.SocketConnectionListener.Bind()
         --- End of inner exception stack trace ---
         at Microsoft.AspNetCore.Server.Kestrel.Transport.Sockets.SocketConnectionListener.Bind()
         at Microsoft.AspNetCore.Server.Kestrel.Transport.Sockets.SocketTransportFactory.BindAsync(EndPoint endpoint, CancellationToken cancellationToken)
         at Microsoft.AspNetCore.Server.Kestrel.Core.Internal.Infrastructure.TransportManager.BindAsync(EndPoint endPoint, ConnectionDelegate connectionDelegate, EndpointConfig endpointConfig, CancellationToken cancellationToken)
         at Microsoft.AspNetCore.Server.Kestrel.Core.KestrelServerImpl.<>c__DisplayClass28_0`1.<<StartAsync>g__OnBind|0>d.MoveNext()
      --- End of stack trace from previous location ---
         at Microsoft.AspNetCore.Server.Kestrel.Core.Internal.AddressBinder.BindEndpointAsync(ListenOptions endpoint, AddressBindContext context, CancellationToken cancellationToken)
         --- End of inner exception stack trace ---
         at Microsoft.AspNetCore.Server.Kestrel.Core.Internal.AddressBinder.BindEndpointAsync(ListenOptions endpoint, AddressBindContext context, CancellationToken cancellationToken)
         at Microsoft.AspNetCore.Server.Kestrel.Core.ListenOptions.BindAsync(AddressBindContext context, CancellationToken cancellationToken)
         at Microsoft.AspNetCore.Server.Kestrel.Core.AnyIPListenOptions.BindAsync(AddressBindContext context, CancellationToken cancellationToken)
         at Microsoft.AspNetCore.Server.Kestrel.Core.Internal.AddressBinder.AddressesStrategy.BindAsync(AddressBindContext context, CancellationToken cancellationToken)
         at Microsoft.AspNetCore.Server.Kestrel.Core.KestrelServerImpl.BindAsync(CancellationToken cancellationToken)
         at Microsoft.AspNetCore.Server.Kestrel.Core.KestrelServerImpl.StartAsync[TContext](IHttpApplication`1 application, CancellationToken cancellationToken)
         at Microsoft.AspNetCore.Hosting.GenericWebHostService.StartAsync(CancellationToken cancellationToken)
         at Microsoft.Extensions.Hosting.Internal.Host.<StartAsync>b__14_1(IHostedService service, CancellationToken token)
         at Microsoft.Extensions.Hosting.Internal.Host.ForeachService[T](IEnumerable`1 services, CancellationToken token, Boolean concurrent, Boolean abortOnFirstException, List`1 exceptions, Func`3 operation)
      ++++++++++++++++++++++++++++++++++++++++++++++++++++++++
fail: 2026-03-09 10:39:34.7409256 +08:00 Monday L System.Logging.ScheduleService[0] #41
      [Furion.Pure.dll] void Furion.Schedule.ScheduleLogger.LogError(Exception ex, string message, params object[] args)
      The JobDetail of <job_onlineUser> persist failed.      
      ++++++++++++++++++++++++++++++++++++++++++++++++++++++++
      System.ObjectDisposedException: Cannot access a disposed object.
      Object name: 'IServiceProvider'.
         at Microsoft.Extensions.DependencyInjection.ServiceLookup.ThrowHelper.ThrowObjectDisposedException()
         at Microsoft.Extensions.DependencyInjection.ServiceProvider.CreateScope()
         at Admin.NET.Core.Service.DbJobPersistence.OnChangedAsync(PersistenceContext context) in /mnt/d/AdminNET-Backend/Admin.NET/Admin.NET.Core/Service/Job/DbJobPersistence.cs:line 126
         at Furion.Schedule.SchedulerFactory.ProcessQueueAsync()
      ++++++++++++++++++++++++++++++++++++++++++++++++++++++++
fail: 2026-03-09 10:39:34.7454936 +08:00 Monday L System.Logging.ScheduleService[0] #41
      [Furion.Pure.dll] void Furion.Schedule.ScheduleLogger.LogError(Exception ex, string message, params object[] args)
      Persistence of <trigger_onlineUser> trigger of <job_onlineUser> job failed.      
      ++++++++++++++++++++++++++++++++++++++++++++++++++++++++
      System.ObjectDisposedException: Cannot access a disposed object.
      Object name: 'IServiceProvider'.
         at Microsoft.Extensions.DependencyInjection.ServiceLookup.ThrowHelper.ThrowObjectDisposedException()
         at Microsoft.Extensions.DependencyInjection.ServiceProvider.CreateScope()
         at Admin.NET.Core.Service.DbJobPersistence.OnTriggerChangedAsync(PersistenceTriggerContext context) in /mnt/d/AdminNET-Backend/Admin.NET/Admin.NET.Core/Service/Job/DbJobPersistence.cs:line 153
         at Furion.Schedule.SchedulerFactory.ProcessQueueAsync()
      ++++++++++++++++++++++++++++++++++++++++++++++++++++++++
fail: 2026-03-09 10:39:34.7470729 +08:00 Monday L System.Logging.ScheduleService[0] #41
      [Furion.Pure.dll] void Furion.Schedule.ScheduleLogger.LogError(Exception ex, string message, params object[] args)
      The JobDetail of <job_onlineUser> persist failed.      
      ++++++++++++++++++++++++++++++++++++++++++++++++++++++++
      System.ObjectDisposedException: Cannot access a disposed object.
      Object name: 'IServiceProvider'.
         at Microsoft.Extensions.DependencyInjection.ServiceLookup.ThrowHelper.ThrowObjectDisposedException()
         at Microsoft.Extensions.DependencyInjection.ServiceProvider.CreateScope()
         at Admin.NET.Core.Service.DbJobPersistence.OnChangedAsync(PersistenceContext context) in /mnt/d/AdminNET-Backend/Admin.NET/Admin.NET.Core/Service/Job/DbJobPersistence.cs:line 126
         at Furion.Schedule.SchedulerFactory.ProcessQueueAsync()
      ++++++++++++++++++++++++++++++++++++++++++++++++++++++++
fail: 2026-03-09 10:39:34.7484304 +08:00 Monday L System.Logging.ScheduleService[0] #41
      [Furion.Pure.dll] void Furion.Schedule.ScheduleLogger.LogError(Exception ex, string message, params object[] args)
      The JobDetail of <job_EnumToDictJob> persist failed.      
      ++++++++++++++++++++++++++++++++++++++++++++++++++++++++
      System.ObjectDisposedException: Cannot access a disposed object.
      Object name: 'IServiceProvider'.
         at Microsoft.Extensions.DependencyInjection.ServiceLookup.ThrowHelper.ThrowObjectDisposedException()
         at Microsoft.Extensions.DependencyInjection.ServiceProvider.CreateScope()
         at Admin.NET.Core.Service.DbJobPersistence.OnChangedAsync(PersistenceContext context) in /mnt/d/AdminNET-Backend/Admin.NET/Admin.NET.Core/Service/Job/DbJobPersistence.cs:line 126
         at Furion.Schedule.SchedulerFactory.ProcessQueueAsync()
      ++++++++++++++++++++++++++++++++++++++++++++++++++++++++
fail: 2026-03-09 10:39:34.7502755 +08:00 Monday L System.Logging.ScheduleService[0] #41
      [Furion.Pure.dll] void Furion.Schedule.ScheduleLogger.LogError(Exception ex, string message, params object[] args)
      Persistence of <trigger_onlineUser> trigger of <job_onlineUser> job failed.      
      ++++++++++++++++++++++++++++++++++++++++++++++++++++++++
      System.ObjectDisposedException: Cannot access a disposed object.
      Object name: 'IServiceProvider'.
         at Microsoft.Extensions.DependencyInjection.ServiceLookup.ThrowHelper.ThrowObjectDisposedException()
         at Microsoft.Extensions.DependencyInjection.ServiceProvider.CreateScope()
         at Admin.NET.Core.Service.DbJobPersistence.OnTriggerChangedAsync(PersistenceTriggerContext context) in /mnt/d/AdminNET-Backend/Admin.NET/Admin.NET.Core/Service/Job/DbJobPersistence.cs:line 153
         at Furion.Schedule.SchedulerFactory.ProcessQueueAsync()
      ++++++++++++++++++++++++++++++++++++++++++++++++++++++++
fail: 2026-03-09 10:39:34.7523308 +08:00 Monday L System.Logging.ScheduleService[0] #41
      [Furion.Pure.dll] void Furion.Schedule.ScheduleLogger.LogError(Exception ex, string message, params object[] args)
      Persistence of <trigger_EnumToDictJob> trigger of <job_EnumToDictJob> job failed.      
      ++++++++++++++++++++++++++++++++++++++++++++++++++++++++
      System.ObjectDisposedException: Cannot access a disposed object.
      Object name: 'IServiceProvider'.
         at Microsoft.Extensions.DependencyInjection.ServiceLookup.ThrowHelper.ThrowObjectDisposedException()
         at Microsoft.Extensions.DependencyInjection.ServiceProvider.CreateScope()
         at Admin.NET.Core.Service.DbJobPersistence.OnTriggerChangedAsync(PersistenceTriggerContext context) in /mnt/d/AdminNET-Backend/Admin.NET/Admin.NET.Core/Service/Job/DbJobPersistence.cs:line 153
         at Furion.Schedule.SchedulerFactory.ProcessQueueAsync()
      ++++++++++++++++++++++++++++++++++++++++++++++++++++++++
